<?xml version="1.0" encoding="UTF-8"?>
<!-- Generated by org.testng.reporters.JUnitReportReporter -->
<testsuite skipped="0" hostname="DESKTOP-5UJO3DV" name="ParameterByDataprovider" tests="3" failures="0" timestamp="2019-11-23T18:37:33 IST" time="9.742" errors="0">
  <testcase name="testMethod" time="3.433" classname="ParameterByDataprovider"/>
  <testcase name="testMethod" time="3.148" classname="ParameterByDataprovider"/>
  <testcase name="testMethod" time="3.161" classname="ParameterByDataprovider"/>
</testsuite> <!-- ParameterByDataprovider -->
